The target system is: Android - 1 - aarch64
<<<<<<< Updated upstream
The host system is: Darwin - 18.0.0 - x86_64
Determining if the C compiler works passed with the following output:
Change Dir: /Users/layanbahaidarah/Downloads/WaveGengit/app/.externalNativeBuild/cmake/debug/arm64-v8a/CMakeFiles/CMakeTmp

Run Build Command:"/Users/layanbahaidarah/Library/Android/sdk/cmake/3.6.4111459/bin/ninja" "cmTC_37d43"
[1/2] Building C object CMakeFiles/cmTC_37d43.dir/testCCompiler.c.o
[2/2] Linking C executable cmTC_37d43
=======
The host system is: Darwin - 18.2.0 - x86_64
Determining if the C compiler works passed with the following output:
Change Dir: /Users/layanbahaidarah/Downloads/WaveGengit/app/.externalNativeBuild/cmake/debug/arm64-v8a/CMakeFiles/CMakeTmp

Run Build Command:"/Users/layanbahaidarah/Library/Android/sdk/cmake/3.6.4111459/bin/ninja" "cmTC_cd8b9"
[1/2] Building C object CMakeFiles/cmTC_cd8b9.dir/testCCompiler.c.o
[2/2] Linking C executable cmTC_cd8b9
>>>>>>> Stashed changes


Detecting C compiler ABI info compiled with the following output:
Change Dir: /Users/layanbahaidarah/Downloads/WaveGengit/app/.externalNativeBuild/cmake/debug/arm64-v8a/CMakeFiles/CMakeTmp

<<<<<<< Updated upstream
Run Build Command:"/Users/layanbahaidarah/Library/Android/sdk/cmake/3.6.4111459/bin/ninja" "cmTC_01873"
[1/2] Building C object CMakeFiles/cmTC_01873.dir/CMakeCCompilerABI.c.o
[2/2] Linking C executable cmTC_01873
=======
Run Build Command:"/Users/layanbahaidarah/Library/Android/sdk/cmake/3.6.4111459/bin/ninja" "cmTC_14976"
[1/2] Building C object CMakeFiles/cmTC_14976.dir/CMakeCCompilerABI.c.o
[2/2] Linking C executable cmTC_14976
>>>>>>> Stashed changes
Android (4751641 based on r328903) clang version 7.0.2 (https://android.googlesource.com/toolchain/clang 003100370607242ddd5815e4a043907ea9004281) (https://android.googlesource.com/toolchain/llvm 1d739ffb0366421d383e04ff80ec2ee591315116) (based on LLVM 7.0.2svn)
Target: aarch64-none-linux-android21
Thread model: posix
InstalledDir: /Users/layanbahaidarah/Library/Android/sdk/ndk-bundle/toolchains/llvm/prebuilt/darwin-x86_64/bin
Found candidate GCC installation: /Users/layanbahaidarah/Library/Android/sdk/ndk-bundle/toolchains/aarch64-linux-android-4.9/prebuilt/darwin-x86_64/lib/gcc/aarch64-linux-android/4.9.x
Selected GCC installation: /Users/layanbahaidarah/Library/Android/sdk/ndk-bundle/toolchains/aarch64-linux-android-4.9/prebuilt/darwin-x86_64/lib/gcc/aarch64-linux-android/4.9.x
Candidate multilib: .;@m64
Selected multilib: .;@m64
<<<<<<< Updated upstream
 "/Users/layanbahaidarah/Library/Android/sdk/ndk-bundle/toolchains/aarch64-linux-android-4.9/prebuilt/darwin-x86_64/lib/gcc/aarch64-linux-android/4.9.x/../../../../aarch64-linux-android/bin/ld" --sysroot=/Users/layanbahaidarah/Library/Android/sdk/ndk-bundle/platforms/android-21/arch-arm64 -pie --fix-cortex-a53-843419 --enable-new-dtags --eh-frame-hdr -m aarch64linux -dynamic-linker /system/bin/linker64 -o cmTC_01873 /Users/layanbahaidarah/Library/Android/sdk/ndk-bundle/platforms/android-21/arch-arm64/usr/lib/crtbegin_dynamic.o -L/Users/layanbahaidarah/Library/Android/sdk/ndk-bundle/sources/cxx-stl/llvm-libc++/libs/arm64-v8a -L/Users/layanbahaidarah/Library/Android/sdk/ndk-bundle/toolchains/llvm/prebuilt/darwin-x86_64/lib64/clang/7.0.2/lib/linux/aarch64 -L/Users/layanbahaidarah/Library/Android/sdk/ndk-bundle/toolchains/aarch64-linux-android-4.9/prebuilt/darwin-x86_64/lib/gcc/aarch64-linux-android/4.9.x -L/Users/layanbahaidarah/Library/Android/sdk/ndk-bundle/toolchains/aarch64-linux-android-4.9/prebuilt/darwin-x86_64/lib/gcc/aarch64-linux-android/4.9.x/../../../../aarch64-linux-android/lib/../lib64 -L/Users/layanbahaidarah/Library/Android/sdk/ndk-bundle/toolchains/aarch64-linux-android-4.9/prebuilt/darwin-x86_64/lib/gcc/aarch64-linux-android/4.9.x/../../../../aarch64-linux-android/lib -L/Users/layanbahaidarah/Library/Android/sdk/ndk-bundle/platforms/android-21/arch-arm64/usr/lib --exclude-libs libgcc.a --exclude-libs libatomic.a --build-id --warn-shared-textrel --fatal-warnings --no-undefined -z noexecstack -z relro -z now --gc-sections -z nocopyreloc CMakeFiles/cmTC_01873.dir/CMakeCCompilerABI.c.o -lgcc -ldl -lc -lgcc -ldl /Users/layanbahaidarah/Library/Android/sdk/ndk-bundle/platforms/android-21/arch-arm64/usr/lib/crtend_android.o
=======
 "/Users/layanbahaidarah/Library/Android/sdk/ndk-bundle/toolchains/aarch64-linux-android-4.9/prebuilt/darwin-x86_64/lib/gcc/aarch64-linux-android/4.9.x/../../../../aarch64-linux-android/bin/ld" --sysroot=/Users/layanbahaidarah/Library/Android/sdk/ndk-bundle/platforms/android-21/arch-arm64 -pie --fix-cortex-a53-843419 --enable-new-dtags --eh-frame-hdr -m aarch64linux -dynamic-linker /system/bin/linker64 -o cmTC_14976 /Users/layanbahaidarah/Library/Android/sdk/ndk-bundle/platforms/android-21/arch-arm64/usr/lib/crtbegin_dynamic.o -L/Users/layanbahaidarah/Library/Android/sdk/ndk-bundle/sources/cxx-stl/llvm-libc++/libs/arm64-v8a -L/Users/layanbahaidarah/Library/Android/sdk/ndk-bundle/toolchains/llvm/prebuilt/darwin-x86_64/lib64/clang/7.0.2/lib/linux/aarch64 -L/Users/layanbahaidarah/Library/Android/sdk/ndk-bundle/toolchains/aarch64-linux-android-4.9/prebuilt/darwin-x86_64/lib/gcc/aarch64-linux-android/4.9.x -L/Users/layanbahaidarah/Library/Android/sdk/ndk-bundle/toolchains/aarch64-linux-android-4.9/prebuilt/darwin-x86_64/lib/gcc/aarch64-linux-android/4.9.x/../../../../aarch64-linux-android/lib/../lib64 -L/Users/layanbahaidarah/Library/Android/sdk/ndk-bundle/toolchains/aarch64-linux-android-4.9/prebuilt/darwin-x86_64/lib/gcc/aarch64-linux-android/4.9.x/../../../../aarch64-linux-android/lib -L/Users/layanbahaidarah/Library/Android/sdk/ndk-bundle/platforms/android-21/arch-arm64/usr/lib --exclude-libs libgcc.a --exclude-libs libatomic.a --build-id --warn-shared-textrel --fatal-warnings --no-undefined -z noexecstack -z relro -z now --gc-sections -z nocopyreloc CMakeFiles/cmTC_14976.dir/CMakeCCompilerABI.c.o -lgcc -ldl -lc -lgcc -ldl /Users/layanbahaidarah/Library/Android/sdk/ndk-bundle/platforms/android-21/arch-arm64/usr/lib/crtend_android.o
>>>>>>> Stashed changes


Parsed C implicit link information from above output:
  link line regex: [^( *|.*[/\])(aarch64-linux-android-ld|([^/\]+-)?ld|collect2)[^/\]*( |$)]
  ignore line: [Change Dir: /Users/layanbahaidarah/Downloads/WaveGengit/app/.externalNativeBuild/cmake/debug/arm64-v8a/CMakeFiles/CMakeTmp]
  ignore line: []
<<<<<<< Updated upstream
  ignore line: [Run Build Command:"/Users/layanbahaidarah/Library/Android/sdk/cmake/3.6.4111459/bin/ninja" "cmTC_01873"]
  ignore line: [[1/2] Building C object CMakeFiles/cmTC_01873.dir/CMakeCCompilerABI.c.o]
  ignore line: [[2/2] Linking C executable cmTC_01873]
=======
  ignore line: [Run Build Command:"/Users/layanbahaidarah/Library/Android/sdk/cmake/3.6.4111459/bin/ninja" "cmTC_14976"]
  ignore line: [[1/2] Building C object CMakeFiles/cmTC_14976.dir/CMakeCCompilerABI.c.o]
  ignore line: [[2/2] Linking C executable cmTC_14976]
>>>>>>> Stashed changes
  ignore line: [Android (4751641 based on r328903) clang version 7.0.2 (https://android.googlesource.com/toolchain/clang 003100370607242ddd5815e4a043907ea9004281) (https://android.googlesource.com/toolchain/llvm 1d739ffb0366421d383e04ff80ec2ee591315116) (based on LLVM 7.0.2svn)]
  ignore line: [Target: aarch64-none-linux-android21]
  ignore line: [Thread model: posix]
  ignore line: [InstalledDir: /Users/layanbahaidarah/Library/Android/sdk/ndk-bundle/toolchains/llvm/prebuilt/darwin-x86_64/bin]
  ignore line: [Found candidate GCC installation: /Users/layanbahaidarah/Library/Android/sdk/ndk-bundle/toolchains/aarch64-linux-android-4.9/prebuilt/darwin-x86_64/lib/gcc/aarch64-linux-android/4.9.x]
  ignore line: [Selected GCC installation: /Users/layanbahaidarah/Library/Android/sdk/ndk-bundle/toolchains/aarch64-linux-android-4.9/prebuilt/darwin-x86_64/lib/gcc/aarch64-linux-android/4.9.x]
  ignore line: [Candidate multilib: .]
  ignore line: [@m64]
  ignore line: [Selected multilib: .]
  ignore line: [@m64]
<<<<<<< Updated upstream
  link line: [ "/Users/layanbahaidarah/Library/Android/sdk/ndk-bundle/toolchains/aarch64-linux-android-4.9/prebuilt/darwin-x86_64/lib/gcc/aarch64-linux-android/4.9.x/../../../../aarch64-linux-android/bin/ld" --sysroot=/Users/layanbahaidarah/Library/Android/sdk/ndk-bundle/platforms/android-21/arch-arm64 -pie --fix-cortex-a53-843419 --enable-new-dtags --eh-frame-hdr -m aarch64linux -dynamic-linker /system/bin/linker64 -o cmTC_01873 /Users/layanbahaidarah/Library/Android/sdk/ndk-bundle/platforms/android-21/arch-arm64/usr/lib/crtbegin_dynamic.o -L/Users/layanbahaidarah/Library/Android/sdk/ndk-bundle/sources/cxx-stl/llvm-libc++/libs/arm64-v8a -L/Users/layanbahaidarah/Library/Android/sdk/ndk-bundle/toolchains/llvm/prebuilt/darwin-x86_64/lib64/clang/7.0.2/lib/linux/aarch64 -L/Users/layanbahaidarah/Library/Android/sdk/ndk-bundle/toolchains/aarch64-linux-android-4.9/prebuilt/darwin-x86_64/lib/gcc/aarch64-linux-android/4.9.x -L/Users/layanbahaidarah/Library/Android/sdk/ndk-bundle/toolchains/aarch64-linux-android-4.9/prebuilt/darwin-x86_64/lib/gcc/aarch64-linux-android/4.9.x/../../../../aarch64-linux-android/lib/../lib64 -L/Users/layanbahaidarah/Library/Android/sdk/ndk-bundle/toolchains/aarch64-linux-android-4.9/prebuilt/darwin-x86_64/lib/gcc/aarch64-linux-android/4.9.x/../../../../aarch64-linux-android/lib -L/Users/layanbahaidarah/Library/Android/sdk/ndk-bundle/platforms/android-21/arch-arm64/usr/lib --exclude-libs libgcc.a --exclude-libs libatomic.a --build-id --warn-shared-textrel --fatal-warnings --no-undefined -z noexecstack -z relro -z now --gc-sections -z nocopyreloc CMakeFiles/cmTC_01873.dir/CMakeCCompilerABI.c.o -lgcc -ldl -lc -lgcc -ldl /Users/layanbahaidarah/Library/Android/sdk/ndk-bundle/platforms/android-21/arch-arm64/usr/lib/crtend_android.o]
=======
  link line: [ "/Users/layanbahaidarah/Library/Android/sdk/ndk-bundle/toolchains/aarch64-linux-android-4.9/prebuilt/darwin-x86_64/lib/gcc/aarch64-linux-android/4.9.x/../../../../aarch64-linux-android/bin/ld" --sysroot=/Users/layanbahaidarah/Library/Android/sdk/ndk-bundle/platforms/android-21/arch-arm64 -pie --fix-cortex-a53-843419 --enable-new-dtags --eh-frame-hdr -m aarch64linux -dynamic-linker /system/bin/linker64 -o cmTC_14976 /Users/layanbahaidarah/Library/Android/sdk/ndk-bundle/platforms/android-21/arch-arm64/usr/lib/crtbegin_dynamic.o -L/Users/layanbahaidarah/Library/Android/sdk/ndk-bundle/sources/cxx-stl/llvm-libc++/libs/arm64-v8a -L/Users/layanbahaidarah/Library/Android/sdk/ndk-bundle/toolchains/llvm/prebuilt/darwin-x86_64/lib64/clang/7.0.2/lib/linux/aarch64 -L/Users/layanbahaidarah/Library/Android/sdk/ndk-bundle/toolchains/aarch64-linux-android-4.9/prebuilt/darwin-x86_64/lib/gcc/aarch64-linux-android/4.9.x -L/Users/layanbahaidarah/Library/Android/sdk/ndk-bundle/toolchains/aarch64-linux-android-4.9/prebuilt/darwin-x86_64/lib/gcc/aarch64-linux-android/4.9.x/../../../../aarch64-linux-android/lib/../lib64 -L/Users/layanbahaidarah/Library/Android/sdk/ndk-bundle/toolchains/aarch64-linux-android-4.9/prebuilt/darwin-x86_64/lib/gcc/aarch64-linux-android/4.9.x/../../../../aarch64-linux-android/lib -L/Users/layanbahaidarah/Library/Android/sdk/ndk-bundle/platforms/android-21/arch-arm64/usr/lib --exclude-libs libgcc.a --exclude-libs libatomic.a --build-id --warn-shared-textrel --fatal-warnings --no-undefined -z noexecstack -z relro -z now --gc-sections -z nocopyreloc CMakeFiles/cmTC_14976.dir/CMakeCCompilerABI.c.o -lgcc -ldl -lc -lgcc -ldl /Users/layanbahaidarah/Library/Android/sdk/ndk-bundle/platforms/android-21/arch-arm64/usr/lib/crtend_android.o]
>>>>>>> Stashed changes
    arg [/Users/layanbahaidarah/Library/Android/sdk/ndk-bundle/toolchains/aarch64-linux-android-4.9/prebuilt/darwin-x86_64/lib/gcc/aarch64-linux-android/4.9.x/../../../../aarch64-linux-android/bin/ld] ==> ignore
    arg [--sysroot=/Users/layanbahaidarah/Library/Android/sdk/ndk-bundle/platforms/android-21/arch-arm64] ==> ignore
    arg [-pie] ==> ignore
    arg [--fix-cortex-a53-843419] ==> ignore
    arg [--enable-new-dtags] ==> ignore
    arg [--eh-frame-hdr] ==> ignore
    arg [-m] ==> ignore
    arg [aarch64linux] ==> ignore
    arg [-dynamic-linker] ==> ignore
    arg [/system/bin/linker64] ==> ignore
    arg [-o] ==> ignore
<<<<<<< Updated upstream
    arg [cmTC_01873] ==> ignore
=======
    arg [cmTC_14976] ==> ignore
>>>>>>> Stashed changes
    arg [/Users/layanbahaidarah/Library/Android/sdk/ndk-bundle/platforms/android-21/arch-arm64/usr/lib/crtbegin_dynamic.o] ==> ignore
    arg [-L/Users/layanbahaidarah/Library/Android/sdk/ndk-bundle/sources/cxx-stl/llvm-libc++/libs/arm64-v8a] ==> dir [/Users/layanbahaidarah/Library/Android/sdk/ndk-bundle/sources/cxx-stl/llvm-libc++/libs/arm64-v8a]
    arg [-L/Users/layanbahaidarah/Library/Android/sdk/ndk-bundle/toolchains/llvm/prebuilt/darwin-x86_64/lib64/clang/7.0.2/lib/linux/aarch64] ==> dir [/Users/layanbahaidarah/Library/Android/sdk/ndk-bundle/toolchains/llvm/prebuilt/darwin-x86_64/lib64/clang/7.0.2/lib/linux/aarch64]
    arg [-L/Users/layanbahaidarah/Library/Android/sdk/ndk-bundle/toolchains/aarch64-linux-android-4.9/prebuilt/darwin-x86_64/lib/gcc/aarch64-linux-android/4.9.x] ==> dir [/Users/layanbahaidarah/Library/Android/sdk/ndk-bundle/toolchains/aarch64-linux-android-4.9/prebuilt/darwin-x86_64/lib/gcc/aarch64-linux-android/4.9.x]
    arg [-L/Users/layanbahaidarah/Library/Android/sdk/ndk-bundle/toolchains/aarch64-linux-android-4.9/prebuilt/darwin-x86_64/lib/gcc/aarch64-linux-android/4.9.x/../../../../aarch64-linux-android/lib/../lib64] ==> dir [/Users/layanbahaidarah/Library/Android/sdk/ndk-bundle/toolchains/aarch64-linux-android-4.9/prebuilt/darwin-x86_64/lib/gcc/aarch64-linux-android/4.9.x/../../../../aarch64-linux-android/lib/../lib64]
    arg [-L/Users/layanbahaidarah/Library/Android/sdk/ndk-bundle/toolchains/aarch64-linux-android-4.9/prebuilt/darwin-x86_64/lib/gcc/aarch64-linux-android/4.9.x/../../../../aarch64-linux-android/lib] ==> dir [/Users/layanbahaidarah/Library/Android/sdk/ndk-bundle/toolchains/aarch64-linux-android-4.9/prebuilt/darwin-x86_64/lib/gcc/aarch64-linux-android/4.9.x/../../../../aarch64-linux-android/lib]
    arg [-L/Users/layanbahaidarah/Library/Android/sdk/ndk-bundle/platforms/android-21/arch-arm64/usr/lib] ==> dir [/Users/layanbahaidarah/Library/Android/sdk/ndk-bundle/platforms/android-21/arch-arm64/usr/lib]
    arg [--exclude-libs] ==> ignore
    arg [libgcc.a] ==> ignore
    arg [--exclude-libs] ==> ignore
    arg [libatomic.a] ==> ignore
    arg [--build-id] ==> ignore
    arg [--warn-shared-textrel] ==> ignore
    arg [--fatal-warnings] ==> ignore
    arg [--no-undefined] ==> ignore
    arg [-znoexecstack] ==> ignore
    arg [-zrelro] ==> ignore
    arg [-znow] ==> ignore
    arg [--gc-sections] ==> ignore
    arg [-znocopyreloc] ==> ignore
<<<<<<< Updated upstream
    arg [CMakeFiles/cmTC_01873.dir/CMakeCCompilerABI.c.o] ==> ignore
=======
    arg [CMakeFiles/cmTC_14976.dir/CMakeCCompilerABI.c.o] ==> ignore
>>>>>>> Stashed changes
    arg [-lgcc] ==> lib [gcc]
    arg [-ldl] ==> lib [dl]
    arg [-lc] ==> lib [c]
    arg [-lgcc] ==> lib [gcc]
    arg [-ldl] ==> lib [dl]
    arg [/Users/layanbahaidarah/Library/Android/sdk/ndk-bundle/platforms/android-21/arch-arm64/usr/lib/crtend_android.o] ==> ignore
  remove lib [gcc]
  remove lib [gcc]
  collapse library dir [/Users/layanbahaidarah/Library/Android/sdk/ndk-bundle/sources/cxx-stl/llvm-libc++/libs/arm64-v8a] ==> [/Users/layanbahaidarah/Library/Android/sdk/ndk-bundle/sources/cxx-stl/llvm-libc++/libs/arm64-v8a]
  collapse library dir [/Users/layanbahaidarah/Library/Android/sdk/ndk-bundle/toolchains/llvm/prebuilt/darwin-x86_64/lib64/clang/7.0.2/lib/linux/aarch64] ==> [/Users/layanbahaidarah/Library/Android/sdk/ndk-bundle/toolchains/llvm/prebuilt/darwin-x86_64/lib64/clang/7.0.2/lib/linux/aarch64]
  collapse library dir [/Users/layanbahaidarah/Library/Android/sdk/ndk-bundle/toolchains/aarch64-linux-android-4.9/prebuilt/darwin-x86_64/lib/gcc/aarch64-linux-android/4.9.x] ==> [/Users/layanbahaidarah/Library/Android/sdk/ndk-bundle/toolchains/aarch64-linux-android-4.9/prebuilt/darwin-x86_64/lib/gcc/aarch64-linux-android/4.9.x]
  collapse library dir [/Users/layanbahaidarah/Library/Android/sdk/ndk-bundle/toolchains/aarch64-linux-android-4.9/prebuilt/darwin-x86_64/lib/gcc/aarch64-linux-android/4.9.x/../../../../aarch64-linux-android/lib/../lib64] ==> [/Users/layanbahaidarah/Library/Android/sdk/ndk-bundle/toolchains/aarch64-linux-android-4.9/prebuilt/darwin-x86_64/aarch64-linux-android/lib64]
  collapse library dir [/Users/layanbahaidarah/Library/Android/sdk/ndk-bundle/toolchains/aarch64-linux-android-4.9/prebuilt/darwin-x86_64/lib/gcc/aarch64-linux-android/4.9.x/../../../../aarch64-linux-android/lib] ==> [/Users/layanbahaidarah/Library/Android/sdk/ndk-bundle/toolchains/aarch64-linux-android-4.9/prebuilt/darwin-x86_64/aarch64-linux-android/lib]
  collapse library dir [/Users/layanbahaidarah/Library/Android/sdk/ndk-bundle/platforms/android-21/arch-arm64/usr/lib] ==> [/Users/layanbahaidarah/Library/Android/sdk/ndk-bundle/platforms/android-21/arch-arm64/usr/lib]
  implicit libs: [dl;c;dl]
  implicit dirs: [/Users/layanbahaidarah/Library/Android/sdk/ndk-bundle/sources/cxx-stl/llvm-libc++/libs/arm64-v8a;/Users/layanbahaidarah/Library/Android/sdk/ndk-bundle/toolchains/llvm/prebuilt/darwin-x86_64/lib64/clang/7.0.2/lib/linux/aarch64;/Users/layanbahaidarah/Library/Android/sdk/ndk-bundle/toolchains/aarch64-linux-android-4.9/prebuilt/darwin-x86_64/lib/gcc/aarch64-linux-android/4.9.x;/Users/layanbahaidarah/Library/Android/sdk/ndk-bundle/toolchains/aarch64-linux-android-4.9/prebuilt/darwin-x86_64/aarch64-linux-android/lib64;/Users/layanbahaidarah/Library/Android/sdk/ndk-bundle/toolchains/aarch64-linux-android-4.9/prebuilt/darwin-x86_64/aarch64-linux-android/lib;/Users/layanbahaidarah/Library/Android/sdk/ndk-bundle/platforms/android-21/arch-arm64/usr/lib]
  implicit fwks: []




Detecting C [-std=c11] compiler features compiled with the following output:
Change Dir: /Users/layanbahaidarah/Downloads/WaveGengit/app/.externalNativeBuild/cmake/debug/arm64-v8a/CMakeFiles/CMakeTmp

<<<<<<< Updated upstream
Run Build Command:"/Users/layanbahaidarah/Library/Android/sdk/cmake/3.6.4111459/bin/ninja" "cmTC_5184a"
[1/2] Building C object CMakeFiles/cmTC_5184a.dir/feature_tests.c.o
[2/2] Linking C executable cmTC_5184a
=======
Run Build Command:"/Users/layanbahaidarah/Library/Android/sdk/cmake/3.6.4111459/bin/ninja" "cmTC_39f7a"
[1/2] Building C object CMakeFiles/cmTC_39f7a.dir/feature_tests.c.o
[2/2] Linking C executable cmTC_39f7a
>>>>>>> Stashed changes


    Feature record: C_FEATURE:1c_function_prototypes
    Feature record: C_FEATURE:1c_restrict
    Feature record: C_FEATURE:1c_static_assert
    Feature record: C_FEATURE:1c_variadic_macros


Detecting C [-std=c99] compiler features compiled with the following output:
Change Dir: /Users/layanbahaidarah/Downloads/WaveGengit/app/.externalNativeBuild/cmake/debug/arm64-v8a/CMakeFiles/CMakeTmp

<<<<<<< Updated upstream
Run Build Command:"/Users/layanbahaidarah/Library/Android/sdk/cmake/3.6.4111459/bin/ninja" "cmTC_1e857"
[1/2] Building C object CMakeFiles/cmTC_1e857.dir/feature_tests.c.o
[2/2] Linking C executable cmTC_1e857
=======
Run Build Command:"/Users/layanbahaidarah/Library/Android/sdk/cmake/3.6.4111459/bin/ninja" "cmTC_ad674"
[1/2] Building C object CMakeFiles/cmTC_ad674.dir/feature_tests.c.o
[2/2] Linking C executable cmTC_ad674
>>>>>>> Stashed changes


    Feature record: C_FEATURE:1c_function_prototypes
    Feature record: C_FEATURE:1c_restrict
    Feature record: C_FEATURE:0c_static_assert
    Feature record: C_FEATURE:1c_variadic_macros


Detecting C [-std=c90] compiler features compiled with the following output:
Change Dir: /Users/layanbahaidarah/Downloads/WaveGengit/app/.externalNativeBuild/cmake/debug/arm64-v8a/CMakeFiles/CMakeTmp

<<<<<<< Updated upstream
Run Build Command:"/Users/layanbahaidarah/Library/Android/sdk/cmake/3.6.4111459/bin/ninja" "cmTC_65459"
[1/2] Building C object CMakeFiles/cmTC_65459.dir/feature_tests.c.o
[2/2] Linking C executable cmTC_65459
=======
Run Build Command:"/Users/layanbahaidarah/Library/Android/sdk/cmake/3.6.4111459/bin/ninja" "cmTC_61648"
[1/2] Building C object CMakeFiles/cmTC_61648.dir/feature_tests.c.o
[2/2] Linking C executable cmTC_61648
>>>>>>> Stashed changes


    Feature record: C_FEATURE:1c_function_prototypes
    Feature record: C_FEATURE:0c_restrict
    Feature record: C_FEATURE:0c_static_assert
    Feature record: C_FEATURE:0c_variadic_macros
Determining if the CXX compiler works passed with the following output:
Change Dir: /Users/layanbahaidarah/Downloads/WaveGengit/app/.externalNativeBuild/cmake/debug/arm64-v8a/CMakeFiles/CMakeTmp

<<<<<<< Updated upstream
Run Build Command:"/Users/layanbahaidarah/Library/Android/sdk/cmake/3.6.4111459/bin/ninja" "cmTC_ee11d"
[1/2] Building CXX object CMakeFiles/cmTC_ee11d.dir/testCXXCompiler.cxx.o
[2/2] Linking CXX executable cmTC_ee11d
=======
Run Build Command:"/Users/layanbahaidarah/Library/Android/sdk/cmake/3.6.4111459/bin/ninja" "cmTC_4b719"
[1/2] Building CXX object CMakeFiles/cmTC_4b719.dir/testCXXCompiler.cxx.o
[2/2] Linking CXX executable cmTC_4b719
>>>>>>> Stashed changes


Detecting CXX compiler ABI info compiled with the following output:
Change Dir: /Users/layanbahaidarah/Downloads/WaveGengit/app/.externalNativeBuild/cmake/debug/arm64-v8a/CMakeFiles/CMakeTmp

<<<<<<< Updated upstream
Run Build Command:"/Users/layanbahaidarah/Library/Android/sdk/cmake/3.6.4111459/bin/ninja" "cmTC_47c6a"
[1/2] Building CXX object CMakeFiles/cmTC_47c6a.dir/CMakeCXXCompilerABI.cpp.o
[2/2] Linking CXX executable cmTC_47c6a
=======
Run Build Command:"/Users/layanbahaidarah/Library/Android/sdk/cmake/3.6.4111459/bin/ninja" "cmTC_daa6c"
[1/2] Building CXX object CMakeFiles/cmTC_daa6c.dir/CMakeCXXCompilerABI.cpp.o
[2/2] Linking CXX executable cmTC_daa6c
>>>>>>> Stashed changes
Android (4751641 based on r328903) clang version 7.0.2 (https://android.googlesource.com/toolchain/clang 003100370607242ddd5815e4a043907ea9004281) (https://android.googlesource.com/toolchain/llvm 1d739ffb0366421d383e04ff80ec2ee591315116) (based on LLVM 7.0.2svn)
Target: aarch64-none-linux-android21
Thread model: posix
InstalledDir: /Users/layanbahaidarah/Library/Android/sdk/ndk-bundle/toolchains/llvm/prebuilt/darwin-x86_64/bin
Found candidate GCC installation: /Users/layanbahaidarah/Library/Android/sdk/ndk-bundle/toolchains/aarch64-linux-android-4.9/prebuilt/darwin-x86_64/lib/gcc/aarch64-linux-android/4.9.x
Selected GCC installation: /Users/layanbahaidarah/Library/Android/sdk/ndk-bundle/toolchains/aarch64-linux-android-4.9/prebuilt/darwin-x86_64/lib/gcc/aarch64-linux-android/4.9.x
Candidate multilib: .;@m64
Selected multilib: .;@m64
<<<<<<< Updated upstream
 "/Users/layanbahaidarah/Library/Android/sdk/ndk-bundle/toolchains/aarch64-linux-android-4.9/prebuilt/darwin-x86_64/lib/gcc/aarch64-linux-android/4.9.x/../../../../aarch64-linux-android/bin/ld" --sysroot=/Users/layanbahaidarah/Library/Android/sdk/ndk-bundle/platforms/android-21/arch-arm64 -pie --fix-cortex-a53-843419 --enable-new-dtags --eh-frame-hdr -m aarch64linux -dynamic-linker /system/bin/linker64 -o cmTC_47c6a /Users/layanbahaidarah/Library/Android/sdk/ndk-bundle/platforms/android-21/arch-arm64/usr/lib/crtbegin_dynamic.o -L/Users/layanbahaidarah/Library/Android/sdk/ndk-bundle/sources/cxx-stl/llvm-libc++/libs/arm64-v8a -L/Users/layanbahaidarah/Library/Android/sdk/ndk-bundle/toolchains/llvm/prebuilt/darwin-x86_64/lib64/clang/7.0.2/lib/linux/aarch64 -L/Users/layanbahaidarah/Library/Android/sdk/ndk-bundle/toolchains/aarch64-linux-android-4.9/prebuilt/darwin-x86_64/lib/gcc/aarch64-linux-android/4.9.x -L/Users/layanbahaidarah/Library/Android/sdk/ndk-bundle/toolchains/aarch64-linux-android-4.9/prebuilt/darwin-x86_64/lib/gcc/aarch64-linux-android/4.9.x/../../../../aarch64-linux-android/lib/../lib64 -L/Users/layanbahaidarah/Library/Android/sdk/ndk-bundle/toolchains/aarch64-linux-android-4.9/prebuilt/darwin-x86_64/lib/gcc/aarch64-linux-android/4.9.x/../../../../aarch64-linux-android/lib -L/Users/layanbahaidarah/Library/Android/sdk/ndk-bundle/platforms/android-21/arch-arm64/usr/lib --exclude-libs libgcc.a --exclude-libs libatomic.a --build-id --warn-shared-textrel --fatal-warnings --no-undefined -z noexecstack -z relro -z now --gc-sections -z nocopyreloc CMakeFiles/cmTC_47c6a.dir/CMakeCXXCompilerABI.cpp.o -lm -lgcc -lgcc -ldl -lc -lgcc -lgcc -ldl /Users/layanbahaidarah/Library/Android/sdk/ndk-bundle/platforms/android-21/arch-arm64/usr/lib/crtend_android.o
=======
 "/Users/layanbahaidarah/Library/Android/sdk/ndk-bundle/toolchains/aarch64-linux-android-4.9/prebuilt/darwin-x86_64/lib/gcc/aarch64-linux-android/4.9.x/../../../../aarch64-linux-android/bin/ld" --sysroot=/Users/layanbahaidarah/Library/Android/sdk/ndk-bundle/platforms/android-21/arch-arm64 -pie --fix-cortex-a53-843419 --enable-new-dtags --eh-frame-hdr -m aarch64linux -dynamic-linker /system/bin/linker64 -o cmTC_daa6c /Users/layanbahaidarah/Library/Android/sdk/ndk-bundle/platforms/android-21/arch-arm64/usr/lib/crtbegin_dynamic.o -L/Users/layanbahaidarah/Library/Android/sdk/ndk-bundle/sources/cxx-stl/llvm-libc++/libs/arm64-v8a -L/Users/layanbahaidarah/Library/Android/sdk/ndk-bundle/toolchains/llvm/prebuilt/darwin-x86_64/lib64/clang/7.0.2/lib/linux/aarch64 -L/Users/layanbahaidarah/Library/Android/sdk/ndk-bundle/toolchains/aarch64-linux-android-4.9/prebuilt/darwin-x86_64/lib/gcc/aarch64-linux-android/4.9.x -L/Users/layanbahaidarah/Library/Android/sdk/ndk-bundle/toolchains/aarch64-linux-android-4.9/prebuilt/darwin-x86_64/lib/gcc/aarch64-linux-android/4.9.x/../../../../aarch64-linux-android/lib/../lib64 -L/Users/layanbahaidarah/Library/Android/sdk/ndk-bundle/toolchains/aarch64-linux-android-4.9/prebuilt/darwin-x86_64/lib/gcc/aarch64-linux-android/4.9.x/../../../../aarch64-linux-android/lib -L/Users/layanbahaidarah/Library/Android/sdk/ndk-bundle/platforms/android-21/arch-arm64/usr/lib --exclude-libs libgcc.a --exclude-libs libatomic.a --build-id --warn-shared-textrel --fatal-warnings --no-undefined -z noexecstack -z relro -z now --gc-sections -z nocopyreloc CMakeFiles/cmTC_daa6c.dir/CMakeCXXCompilerABI.cpp.o -lm -lgcc -lgcc -ldl -lc -lgcc -lgcc -ldl /Users/layanbahaidarah/Library/Android/sdk/ndk-bundle/platforms/android-21/arch-arm64/usr/lib/crtend_android.o
>>>>>>> Stashed changes


Parsed CXX implicit link information from above output:
  link line regex: [^( *|.*[/\])(aarch64-linux-android-ld|([^/\]+-)?ld|collect2)[^/\]*( |$)]
  ignore line: [Change Dir: /Users/layanbahaidarah/Downloads/WaveGengit/app/.externalNativeBuild/cmake/debug/arm64-v8a/CMakeFiles/CMakeTmp]
  ignore line: []
<<<<<<< Updated upstream
  ignore line: [Run Build Command:"/Users/layanbahaidarah/Library/Android/sdk/cmake/3.6.4111459/bin/ninja" "cmTC_47c6a"]
  ignore line: [[1/2] Building CXX object CMakeFiles/cmTC_47c6a.dir/CMakeCXXCompilerABI.cpp.o]
  ignore line: [[2/2] Linking CXX executable cmTC_47c6a]
=======
  ignore line: [Run Build Command:"/Users/layanbahaidarah/Library/Android/sdk/cmake/3.6.4111459/bin/ninja" "cmTC_daa6c"]
  ignore line: [[1/2] Building CXX object CMakeFiles/cmTC_daa6c.dir/CMakeCXXCompilerABI.cpp.o]
  ignore line: [[2/2] Linking CXX executable cmTC_daa6c]
>>>>>>> Stashed changes
  ignore line: [Android (4751641 based on r328903) clang version 7.0.2 (https://android.googlesource.com/toolchain/clang 003100370607242ddd5815e4a043907ea9004281) (https://android.googlesource.com/toolchain/llvm 1d739ffb0366421d383e04ff80ec2ee591315116) (based on LLVM 7.0.2svn)]
  ignore line: [Target: aarch64-none-linux-android21]
  ignore line: [Thread model: posix]
  ignore line: [InstalledDir: /Users/layanbahaidarah/Library/Android/sdk/ndk-bundle/toolchains/llvm/prebuilt/darwin-x86_64/bin]
  ignore line: [Found candidate GCC installation: /Users/layanbahaidarah/Library/Android/sdk/ndk-bundle/toolchains/aarch64-linux-android-4.9/prebuilt/darwin-x86_64/lib/gcc/aarch64-linux-android/4.9.x]
  ignore line: [Selected GCC installation: /Users/layanbahaidarah/Library/Android/sdk/ndk-bundle/toolchains/aarch64-linux-android-4.9/prebuilt/darwin-x86_64/lib/gcc/aarch64-linux-android/4.9.x]
  ignore line: [Candidate multilib: .]
  ignore line: [@m64]
  ignore line: [Selected multilib: .]
  ignore line: [@m64]
<<<<<<< Updated upstream
  link line: [ "/Users/layanbahaidarah/Library/Android/sdk/ndk-bundle/toolchains/aarch64-linux-android-4.9/prebuilt/darwin-x86_64/lib/gcc/aarch64-linux-android/4.9.x/../../../../aarch64-linux-android/bin/ld" --sysroot=/Users/layanbahaidarah/Library/Android/sdk/ndk-bundle/platforms/android-21/arch-arm64 -pie --fix-cortex-a53-843419 --enable-new-dtags --eh-frame-hdr -m aarch64linux -dynamic-linker /system/bin/linker64 -o cmTC_47c6a /Users/layanbahaidarah/Library/Android/sdk/ndk-bundle/platforms/android-21/arch-arm64/usr/lib/crtbegin_dynamic.o -L/Users/layanbahaidarah/Library/Android/sdk/ndk-bundle/sources/cxx-stl/llvm-libc++/libs/arm64-v8a -L/Users/layanbahaidarah/Library/Android/sdk/ndk-bundle/toolchains/llvm/prebuilt/darwin-x86_64/lib64/clang/7.0.2/lib/linux/aarch64 -L/Users/layanbahaidarah/Library/Android/sdk/ndk-bundle/toolchains/aarch64-linux-android-4.9/prebuilt/darwin-x86_64/lib/gcc/aarch64-linux-android/4.9.x -L/Users/layanbahaidarah/Library/Android/sdk/ndk-bundle/toolchains/aarch64-linux-android-4.9/prebuilt/darwin-x86_64/lib/gcc/aarch64-linux-android/4.9.x/../../../../aarch64-linux-android/lib/../lib64 -L/Users/layanbahaidarah/Library/Android/sdk/ndk-bundle/toolchains/aarch64-linux-android-4.9/prebuilt/darwin-x86_64/lib/gcc/aarch64-linux-android/4.9.x/../../../../aarch64-linux-android/lib -L/Users/layanbahaidarah/Library/Android/sdk/ndk-bundle/platforms/android-21/arch-arm64/usr/lib --exclude-libs libgcc.a --exclude-libs libatomic.a --build-id --warn-shared-textrel --fatal-warnings --no-undefined -z noexecstack -z relro -z now --gc-sections -z nocopyreloc CMakeFiles/cmTC_47c6a.dir/CMakeCXXCompilerABI.cpp.o -lm -lgcc -lgcc -ldl -lc -lgcc -lgcc -ldl /Users/layanbahaidarah/Library/Android/sdk/ndk-bundle/platforms/android-21/arch-arm64/usr/lib/crtend_android.o]
=======
  link line: [ "/Users/layanbahaidarah/Library/Android/sdk/ndk-bundle/toolchains/aarch64-linux-android-4.9/prebuilt/darwin-x86_64/lib/gcc/aarch64-linux-android/4.9.x/../../../../aarch64-linux-android/bin/ld" --sysroot=/Users/layanbahaidarah/Library/Android/sdk/ndk-bundle/platforms/android-21/arch-arm64 -pie --fix-cortex-a53-843419 --enable-new-dtags --eh-frame-hdr -m aarch64linux -dynamic-linker /system/bin/linker64 -o cmTC_daa6c /Users/layanbahaidarah/Library/Android/sdk/ndk-bundle/platforms/android-21/arch-arm64/usr/lib/crtbegin_dynamic.o -L/Users/layanbahaidarah/Library/Android/sdk/ndk-bundle/sources/cxx-stl/llvm-libc++/libs/arm64-v8a -L/Users/layanbahaidarah/Library/Android/sdk/ndk-bundle/toolchains/llvm/prebuilt/darwin-x86_64/lib64/clang/7.0.2/lib/linux/aarch64 -L/Users/layanbahaidarah/Library/Android/sdk/ndk-bundle/toolchains/aarch64-linux-android-4.9/prebuilt/darwin-x86_64/lib/gcc/aarch64-linux-android/4.9.x -L/Users/layanbahaidarah/Library/Android/sdk/ndk-bundle/toolchains/aarch64-linux-android-4.9/prebuilt/darwin-x86_64/lib/gcc/aarch64-linux-android/4.9.x/../../../../aarch64-linux-android/lib/../lib64 -L/Users/layanbahaidarah/Library/Android/sdk/ndk-bundle/toolchains/aarch64-linux-android-4.9/prebuilt/darwin-x86_64/lib/gcc/aarch64-linux-android/4.9.x/../../../../aarch64-linux-android/lib -L/Users/layanbahaidarah/Library/Android/sdk/ndk-bundle/platforms/android-21/arch-arm64/usr/lib --exclude-libs libgcc.a --exclude-libs libatomic.a --build-id --warn-shared-textrel --fatal-warnings --no-undefined -z noexecstack -z relro -z now --gc-sections -z nocopyreloc CMakeFiles/cmTC_daa6c.dir/CMakeCXXCompilerABI.cpp.o -lm -lgcc -lgcc -ldl -lc -lgcc -lgcc -ldl /Users/layanbahaidarah/Library/Android/sdk/ndk-bundle/platforms/android-21/arch-arm64/usr/lib/crtend_android.o]
>>>>>>> Stashed changes
    arg [/Users/layanbahaidarah/Library/Android/sdk/ndk-bundle/toolchains/aarch64-linux-android-4.9/prebuilt/darwin-x86_64/lib/gcc/aarch64-linux-android/4.9.x/../../../../aarch64-linux-android/bin/ld] ==> ignore
    arg [--sysroot=/Users/layanbahaidarah/Library/Android/sdk/ndk-bundle/platforms/android-21/arch-arm64] ==> ignore
    arg [-pie] ==> ignore
    arg [--fix-cortex-a53-843419] ==> ignore
    arg [--enable-new-dtags] ==> ignore
    arg [--eh-frame-hdr] ==> ignore
    arg [-m] ==> ignore
    arg [aarch64linux] ==> ignore
    arg [-dynamic-linker] ==> ignore
    arg [/system/bin/linker64] ==> ignore
    arg [-o] ==> ignore
<<<<<<< Updated upstream
    arg [cmTC_47c6a] ==> ignore
=======
    arg [cmTC_daa6c] ==> ignore
>>>>>>> Stashed changes
    arg [/Users/layanbahaidarah/Library/Android/sdk/ndk-bundle/platforms/android-21/arch-arm64/usr/lib/crtbegin_dynamic.o] ==> ignore
    arg [-L/Users/layanbahaidarah/Library/Android/sdk/ndk-bundle/sources/cxx-stl/llvm-libc++/libs/arm64-v8a] ==> dir [/Users/layanbahaidarah/Library/Android/sdk/ndk-bundle/sources/cxx-stl/llvm-libc++/libs/arm64-v8a]
    arg [-L/Users/layanbahaidarah/Library/Android/sdk/ndk-bundle/toolchains/llvm/prebuilt/darwin-x86_64/lib64/clang/7.0.2/lib/linux/aarch64] ==> dir [/Users/layanbahaidarah/Library/Android/sdk/ndk-bundle/toolchains/llvm/prebuilt/darwin-x86_64/lib64/clang/7.0.2/lib/linux/aarch64]
    arg [-L/Users/layanbahaidarah/Library/Android/sdk/ndk-bundle/toolchains/aarch64-linux-android-4.9/prebuilt/darwin-x86_64/lib/gcc/aarch64-linux-android/4.9.x] ==> dir [/Users/layanbahaidarah/Library/Android/sdk/ndk-bundle/toolchains/aarch64-linux-android-4.9/prebuilt/darwin-x86_64/lib/gcc/aarch64-linux-android/4.9.x]
    arg [-L/Users/layanbahaidarah/Library/Android/sdk/ndk-bundle/toolchains/aarch64-linux-android-4.9/prebuilt/darwin-x86_64/lib/gcc/aarch64-linux-android/4.9.x/../../../../aarch64-linux-android/lib/../lib64] ==> dir [/Users/layanbahaidarah/Library/Android/sdk/ndk-bundle/toolchains/aarch64-linux-android-4.9/prebuilt/darwin-x86_64/lib/gcc/aarch64-linux-android/4.9.x/../../../../aarch64-linux-android/lib/../lib64]
    arg [-L/Users/layanbahaidarah/Library/Android/sdk/ndk-bundle/toolchains/aarch64-linux-android-4.9/prebuilt/darwin-x86_64/lib/gcc/aarch64-linux-android/4.9.x/../../../../aarch64-linux-android/lib] ==> dir [/Users/layanbahaidarah/Library/Android/sdk/ndk-bundle/toolchains/aarch64-linux-android-4.9/prebuilt/darwin-x86_64/lib/gcc/aarch64-linux-android/4.9.x/../../../../aarch64-linux-android/lib]
    arg [-L/Users/layanbahaidarah/Library/Android/sdk/ndk-bundle/platforms/android-21/arch-arm64/usr/lib] ==> dir [/Users/layanbahaidarah/Library/Android/sdk/ndk-bundle/platforms/android-21/arch-arm64/usr/lib]
    arg [--exclude-libs] ==> ignore
    arg [libgcc.a] ==> ignore
    arg [--exclude-libs] ==> ignore
    arg [libatomic.a] ==> ignore
    arg [--build-id] ==> ignore
    arg [--warn-shared-textrel] ==> ignore
    arg [--fatal-warnings] ==> ignore
    arg [--no-undefined] ==> ignore
    arg [-znoexecstack] ==> ignore
    arg [-zrelro] ==> ignore
    arg [-znow] ==> ignore
    arg [--gc-sections] ==> ignore
    arg [-znocopyreloc] ==> ignore
<<<<<<< Updated upstream
    arg [CMakeFiles/cmTC_47c6a.dir/CMakeCXXCompilerABI.cpp.o] ==> ignore
=======
    arg [CMakeFiles/cmTC_daa6c.dir/CMakeCXXCompilerABI.cpp.o] ==> ignore
>>>>>>> Stashed changes
    arg [-lm] ==> lib [m]
    arg [-lgcc] ==> lib [gcc]
    arg [-lgcc] ==> lib [gcc]
    arg [-ldl] ==> lib [dl]
    arg [-lc] ==> lib [c]
    arg [-lgcc] ==> lib [gcc]
    arg [-lgcc] ==> lib [gcc]
    arg [-ldl] ==> lib [dl]
    arg [/Users/layanbahaidarah/Library/Android/sdk/ndk-bundle/platforms/android-21/arch-arm64/usr/lib/crtend_android.o] ==> ignore
  remove lib [gcc]
  remove lib [gcc]
  remove lib [gcc]
  remove lib [gcc]
  collapse library dir [/Users/layanbahaidarah/Library/Android/sdk/ndk-bundle/sources/cxx-stl/llvm-libc++/libs/arm64-v8a] ==> [/Users/layanbahaidarah/Library/Android/sdk/ndk-bundle/sources/cxx-stl/llvm-libc++/libs/arm64-v8a]
  collapse library dir [/Users/layanbahaidarah/Library/Android/sdk/ndk-bundle/toolchains/llvm/prebuilt/darwin-x86_64/lib64/clang/7.0.2/lib/linux/aarch64] ==> [/Users/layanbahaidarah/Library/Android/sdk/ndk-bundle/toolchains/llvm/prebuilt/darwin-x86_64/lib64/clang/7.0.2/lib/linux/aarch64]
  collapse library dir [/Users/layanbahaidarah/Library/Android/sdk/ndk-bundle/toolchains/aarch64-linux-android-4.9/prebuilt/darwin-x86_64/lib/gcc/aarch64-linux-android/4.9.x] ==> [/Users/layanbahaidarah/Library/Android/sdk/ndk-bundle/toolchains/aarch64-linux-android-4.9/prebuilt/darwin-x86_64/lib/gcc/aarch64-linux-android/4.9.x]
  collapse library dir [/Users/layanbahaidarah/Library/Android/sdk/ndk-bundle/toolchains/aarch64-linux-android-4.9/prebuilt/darwin-x86_64/lib/gcc/aarch64-linux-android/4.9.x/../../../../aarch64-linux-android/lib/../lib64] ==> [/Users/layanbahaidarah/Library/Android/sdk/ndk-bundle/toolchains/aarch64-linux-android-4.9/prebuilt/darwin-x86_64/aarch64-linux-android/lib64]
  collapse library dir [/Users/layanbahaidarah/Library/Android/sdk/ndk-bundle/toolchains/aarch64-linux-android-4.9/prebuilt/darwin-x86_64/lib/gcc/aarch64-linux-android/4.9.x/../../../../aarch64-linux-android/lib] ==> [/Users/layanbahaidarah/Library/Android/sdk/ndk-bundle/toolchains/aarch64-linux-android-4.9/prebuilt/darwin-x86_64/aarch64-linux-android/lib]
  collapse library dir [/Users/layanbahaidarah/Library/Android/sdk/ndk-bundle/platforms/android-21/arch-arm64/usr/lib] ==> [/Users/layanbahaidarah/Library/Android/sdk/ndk-bundle/platforms/android-21/arch-arm64/usr/lib]
  implicit libs: [m;dl;c;dl]
  implicit dirs: [/Users/layanbahaidarah/Library/Android/sdk/ndk-bundle/sources/cxx-stl/llvm-libc++/libs/arm64-v8a;/Users/layanbahaidarah/Library/Android/sdk/ndk-bundle/toolchains/llvm/prebuilt/darwin-x86_64/lib64/clang/7.0.2/lib/linux/aarch64;/Users/layanbahaidarah/Library/Android/sdk/ndk-bundle/toolchains/aarch64-linux-android-4.9/prebuilt/darwin-x86_64/lib/gcc/aarch64-linux-android/4.9.x;/Users/layanbahaidarah/Library/Android/sdk/ndk-bundle/toolchains/aarch64-linux-android-4.9/prebuilt/darwin-x86_64/aarch64-linux-android/lib64;/Users/layanbahaidarah/Library/Android/sdk/ndk-bundle/toolchains/aarch64-linux-android-4.9/prebuilt/darwin-x86_64/aarch64-linux-android/lib;/Users/layanbahaidarah/Library/Android/sdk/ndk-bundle/platforms/android-21/arch-arm64/usr/lib]
  implicit fwks: []




Detecting CXX [-std=c++14] compiler features compiled with the following output:
Change Dir: /Users/layanbahaidarah/Downloads/WaveGengit/app/.externalNativeBuild/cmake/debug/arm64-v8a/CMakeFiles/CMakeTmp

<<<<<<< Updated upstream
Run Build Command:"/Users/layanbahaidarah/Library/Android/sdk/cmake/3.6.4111459/bin/ninja" "cmTC_f0279"
[1/2] Building CXX object CMakeFiles/cmTC_f0279.dir/feature_tests.cxx.o
[2/2] Linking CXX executable cmTC_f0279
=======
Run Build Command:"/Users/layanbahaidarah/Library/Android/sdk/cmake/3.6.4111459/bin/ninja" "cmTC_d1e99"
[1/2] Building CXX object CMakeFiles/cmTC_d1e99.dir/feature_tests.cxx.o
[2/2] Linking CXX executable cmTC_d1e99
>>>>>>> Stashed changes


    Feature record: CXX_FEATURE:1cxx_aggregate_default_initializers
    Feature record: CXX_FEATURE:1cxx_alias_templates
    Feature record: CXX_FEATURE:1cxx_alignas
    Feature record: CXX_FEATURE:1cxx_alignof
    Feature record: CXX_FEATURE:1cxx_attributes
    Feature record: CXX_FEATURE:1cxx_attribute_deprecated
    Feature record: CXX_FEATURE:1cxx_auto_type
    Feature record: CXX_FEATURE:1cxx_binary_literals
    Feature record: CXX_FEATURE:1cxx_constexpr
    Feature record: CXX_FEATURE:1cxx_contextual_conversions
    Feature record: CXX_FEATURE:1cxx_decltype
    Feature record: CXX_FEATURE:1cxx_decltype_auto
    Feature record: CXX_FEATURE:1cxx_decltype_incomplete_return_types
    Feature record: CXX_FEATURE:1cxx_default_function_template_args
    Feature record: CXX_FEATURE:1cxx_defaulted_functions
    Feature record: CXX_FEATURE:1cxx_defaulted_move_initializers
    Feature record: CXX_FEATURE:1cxx_delegating_constructors
    Feature record: CXX_FEATURE:1cxx_deleted_functions
    Feature record: CXX_FEATURE:1cxx_digit_separators
    Feature record: CXX_FEATURE:1cxx_enum_forward_declarations
    Feature record: CXX_FEATURE:1cxx_explicit_conversions
    Feature record: CXX_FEATURE:1cxx_extended_friend_declarations
    Feature record: CXX_FEATURE:1cxx_extern_templates
    Feature record: CXX_FEATURE:1cxx_final
    Feature record: CXX_FEATURE:1cxx_func_identifier
    Feature record: CXX_FEATURE:1cxx_generalized_initializers
    Feature record: CXX_FEATURE:1cxx_generic_lambdas
    Feature record: CXX_FEATURE:1cxx_inheriting_constructors
    Feature record: CXX_FEATURE:1cxx_inline_namespaces
    Feature record: CXX_FEATURE:1cxx_lambdas
    Feature record: CXX_FEATURE:1cxx_lambda_init_captures
    Feature record: CXX_FEATURE:1cxx_local_type_template_args
    Feature record: CXX_FEATURE:1cxx_long_long_type
    Feature record: CXX_FEATURE:1cxx_noexcept
    Feature record: CXX_FEATURE:1cxx_nonstatic_member_init
    Feature record: CXX_FEATURE:1cxx_nullptr
    Feature record: CXX_FEATURE:1cxx_override
    Feature record: CXX_FEATURE:1cxx_range_for
    Feature record: CXX_FEATURE:1cxx_raw_string_literals
    Feature record: CXX_FEATURE:1cxx_reference_qualified_functions
    Feature record: CXX_FEATURE:1cxx_relaxed_constexpr
    Feature record: CXX_FEATURE:1cxx_return_type_deduction
    Feature record: CXX_FEATURE:1cxx_right_angle_brackets
    Feature record: CXX_FEATURE:1cxx_rvalue_references
    Feature record: CXX_FEATURE:1cxx_sizeof_member
    Feature record: CXX_FEATURE:1cxx_static_assert
    Feature record: CXX_FEATURE:1cxx_strong_enums
    Feature record: CXX_FEATURE:1cxx_template_template_parameters
    Feature record: CXX_FEATURE:1cxx_thread_local
    Feature record: CXX_FEATURE:1cxx_trailing_return_types
    Feature record: CXX_FEATURE:1cxx_unicode_literals
    Feature record: CXX_FEATURE:1cxx_uniform_initialization
    Feature record: CXX_FEATURE:1cxx_unrestricted_unions
    Feature record: CXX_FEATURE:1cxx_user_literals
    Feature record: CXX_FEATURE:1cxx_variable_templates
    Feature record: CXX_FEATURE:1cxx_variadic_macros
    Feature record: CXX_FEATURE:1cxx_variadic_templates


Detecting CXX [-std=c++11] compiler features compiled with the following output:
Change Dir: /Users/layanbahaidarah/Downloads/WaveGengit/app/.externalNativeBuild/cmake/debug/arm64-v8a/CMakeFiles/CMakeTmp

<<<<<<< Updated upstream
Run Build Command:"/Users/layanbahaidarah/Library/Android/sdk/cmake/3.6.4111459/bin/ninja" "cmTC_d7702"
[1/2] Building CXX object CMakeFiles/cmTC_d7702.dir/feature_tests.cxx.o
[2/2] Linking CXX executable cmTC_d7702
=======
Run Build Command:"/Users/layanbahaidarah/Library/Android/sdk/cmake/3.6.4111459/bin/ninja" "cmTC_5c688"
[1/2] Building CXX object CMakeFiles/cmTC_5c688.dir/feature_tests.cxx.o
[2/2] Linking CXX executable cmTC_5c688
>>>>>>> Stashed changes


    Feature record: CXX_FEATURE:0cxx_aggregate_default_initializers
    Feature record: CXX_FEATURE:1cxx_alias_templates
    Feature record: CXX_FEATURE:1cxx_alignas
    Feature record: CXX_FEATURE:1cxx_alignof
    Feature record: CXX_FEATURE:1cxx_attributes
    Feature record: CXX_FEATURE:0cxx_attribute_deprecated
    Feature record: CXX_FEATURE:1cxx_auto_type
    Feature record: CXX_FEATURE:0cxx_binary_literals
    Feature record: CXX_FEATURE:1cxx_constexpr
    Feature record: CXX_FEATURE:0cxx_contextual_conversions
    Feature record: CXX_FEATURE:1cxx_decltype
    Feature record: CXX_FEATURE:0cxx_decltype_auto
    Feature record: CXX_FEATURE:1cxx_decltype_incomplete_return_types
    Feature record: CXX_FEATURE:1cxx_default_function_template_args
    Feature record: CXX_FEATURE:1cxx_defaulted_functions
    Feature record: CXX_FEATURE:1cxx_defaulted_move_initializers
    Feature record: CXX_FEATURE:1cxx_delegating_constructors
    Feature record: CXX_FEATURE:1cxx_deleted_functions
    Feature record: CXX_FEATURE:0cxx_digit_separators
    Feature record: CXX_FEATURE:1cxx_enum_forward_declarations
    Feature record: CXX_FEATURE:1cxx_explicit_conversions
    Feature record: CXX_FEATURE:1cxx_extended_friend_declarations
    Feature record: CXX_FEATURE:1cxx_extern_templates
    Feature record: CXX_FEATURE:1cxx_final
    Feature record: CXX_FEATURE:1cxx_func_identifier
    Feature record: CXX_FEATURE:1cxx_generalized_initializers
    Feature record: CXX_FEATURE:0cxx_generic_lambdas
    Feature record: CXX_FEATURE:1cxx_inheriting_constructors
    Feature record: CXX_FEATURE:1cxx_inline_namespaces
    Feature record: CXX_FEATURE:1cxx_lambdas
    Feature record: CXX_FEATURE:0cxx_lambda_init_captures
    Feature record: CXX_FEATURE:1cxx_local_type_template_args
    Feature record: CXX_FEATURE:1cxx_long_long_type
    Feature record: CXX_FEATURE:1cxx_noexcept
    Feature record: CXX_FEATURE:1cxx_nonstatic_member_init
    Feature record: CXX_FEATURE:1cxx_nullptr
    Feature record: CXX_FEATURE:1cxx_override
    Feature record: CXX_FEATURE:1cxx_range_for
    Feature record: CXX_FEATURE:1cxx_raw_string_literals
    Feature record: CXX_FEATURE:1cxx_reference_qualified_functions
    Feature record: CXX_FEATURE:0cxx_relaxed_constexpr
    Feature record: CXX_FEATURE:0cxx_return_type_deduction
    Feature record: CXX_FEATURE:1cxx_right_angle_brackets
    Feature record: CXX_FEATURE:1cxx_rvalue_references
    Feature record: CXX_FEATURE:1cxx_sizeof_member
    Feature record: CXX_FEATURE:1cxx_static_assert
    Feature record: CXX_FEATURE:1cxx_strong_enums
    Feature record: CXX_FEATURE:1cxx_template_template_parameters
    Feature record: CXX_FEATURE:1cxx_thread_local
    Feature record: CXX_FEATURE:1cxx_trailing_return_types
    Feature record: CXX_FEATURE:1cxx_unicode_literals
    Feature record: CXX_FEATURE:1cxx_uniform_initialization
    Feature record: CXX_FEATURE:1cxx_unrestricted_unions
    Feature record: CXX_FEATURE:1cxx_user_literals
    Feature record: CXX_FEATURE:0cxx_variable_templates
    Feature record: CXX_FEATURE:1cxx_variadic_macros
    Feature record: CXX_FEATURE:1cxx_variadic_templates


Detecting CXX [-std=c++98] compiler features compiled with the following output:
Change Dir: /Users/layanbahaidarah/Downloads/WaveGengit/app/.externalNativeBuild/cmake/debug/arm64-v8a/CMakeFiles/CMakeTmp

<<<<<<< Updated upstream
Run Build Command:"/Users/layanbahaidarah/Library/Android/sdk/cmake/3.6.4111459/bin/ninja" "cmTC_c7626"
[1/2] Building CXX object CMakeFiles/cmTC_c7626.dir/feature_tests.cxx.o
[2/2] Linking CXX executable cmTC_c7626
=======
Run Build Command:"/Users/layanbahaidarah/Library/Android/sdk/cmake/3.6.4111459/bin/ninja" "cmTC_67315"
[1/2] Building CXX object CMakeFiles/cmTC_67315.dir/feature_tests.cxx.o
[2/2] Linking CXX executable cmTC_67315
>>>>>>> Stashed changes


    Feature record: CXX_FEATURE:0cxx_aggregate_default_initializers
    Feature record: CXX_FEATURE:0cxx_alias_templates
    Feature record: CXX_FEATURE:0cxx_alignas
    Feature record: CXX_FEATURE:0cxx_alignof
    Feature record: CXX_FEATURE:0cxx_attributes
    Feature record: CXX_FEATURE:0cxx_attribute_deprecated
    Feature record: CXX_FEATURE:0cxx_auto_type
    Feature record: CXX_FEATURE:0cxx_binary_literals
    Feature record: CXX_FEATURE:0cxx_constexpr
    Feature record: CXX_FEATURE:0cxx_contextual_conversions
    Feature record: CXX_FEATURE:0cxx_decltype
    Feature record: CXX_FEATURE:0cxx_decltype_auto
    Feature record: CXX_FEATURE:0cxx_decltype_incomplete_return_types
    Feature record: CXX_FEATURE:0cxx_default_function_template_args
    Feature record: CXX_FEATURE:0cxx_defaulted_functions
    Feature record: CXX_FEATURE:0cxx_defaulted_move_initializers
    Feature record: CXX_FEATURE:0cxx_delegating_constructors
    Feature record: CXX_FEATURE:0cxx_deleted_functions
    Feature record: CXX_FEATURE:0cxx_digit_separators
    Feature record: CXX_FEATURE:0cxx_enum_forward_declarations
    Feature record: CXX_FEATURE:0cxx_explicit_conversions
    Feature record: CXX_FEATURE:0cxx_extended_friend_declarations
    Feature record: CXX_FEATURE:0cxx_extern_templates
    Feature record: CXX_FEATURE:0cxx_final
    Feature record: CXX_FEATURE:0cxx_func_identifier
    Feature record: CXX_FEATURE:0cxx_generalized_initializers
    Feature record: CXX_FEATURE:0cxx_generic_lambdas
    Feature record: CXX_FEATURE:0cxx_inheriting_constructors
    Feature record: CXX_FEATURE:0cxx_inline_namespaces
    Feature record: CXX_FEATURE:0cxx_lambdas
    Feature record: CXX_FEATURE:0cxx_lambda_init_captures
    Feature record: CXX_FEATURE:0cxx_local_type_template_args
    Feature record: CXX_FEATURE:0cxx_long_long_type
    Feature record: CXX_FEATURE:0cxx_noexcept
    Feature record: CXX_FEATURE:0cxx_nonstatic_member_init
    Feature record: CXX_FEATURE:0cxx_nullptr
    Feature record: CXX_FEATURE:0cxx_override
    Feature record: CXX_FEATURE:0cxx_range_for
    Feature record: CXX_FEATURE:0cxx_raw_string_literals
    Feature record: CXX_FEATURE:0cxx_reference_qualified_functions
    Feature record: CXX_FEATURE:0cxx_relaxed_constexpr
    Feature record: CXX_FEATURE:0cxx_return_type_deduction
    Feature record: CXX_FEATURE:0cxx_right_angle_brackets
    Feature record: CXX_FEATURE:0cxx_rvalue_references
    Feature record: CXX_FEATURE:0cxx_sizeof_member
    Feature record: CXX_FEATURE:0cxx_static_assert
    Feature record: CXX_FEATURE:0cxx_strong_enums
    Feature record: CXX_FEATURE:1cxx_template_template_parameters
    Feature record: CXX_FEATURE:0cxx_thread_local
    Feature record: CXX_FEATURE:0cxx_trailing_return_types
    Feature record: CXX_FEATURE:0cxx_unicode_literals
    Feature record: CXX_FEATURE:0cxx_uniform_initialization
    Feature record: CXX_FEATURE:0cxx_unrestricted_unions
    Feature record: CXX_FEATURE:0cxx_user_literals
    Feature record: CXX_FEATURE:0cxx_variable_templates
    Feature record: CXX_FEATURE:0cxx_variadic_macros
    Feature record: CXX_FEATURE:0cxx_variadic_templates
